2018-03-28 15:16:52.1746|DEBUG|CLex|MapReduceExecutor|Execution started|{"ExecutionId":"987a1c1c-025b-4a29-aef5-03d1a2616e59","Main":"fsZt8VKPxwcz3qBSf7CMJdKTIHWU9vDDs8+o4LAdom4="}|f2262998-32c4-11e8-b5bd-8c85903be7f9
2018-03-28 15:16:52.1779|DEBUG|CLex|QueryCacheOperationVisitor|Visiting activity. Activity: fsZt8VKPxwcz3qBSf7CMJdKTIHWU9vDDs8+o4LAdom4=|f2262998-32c4-11e8-b5bd-8c85903be7f9
2018-03-28 15:16:52.1972|DEBUG|CLex|QueryCache|Build RDD|{"Operation":"GetFilesOperation","Reference":"","Tag":"e28057bd-d140-46dc-bb67-9fea153968de","ContextTag":"0","ParentContextTag":""}|f2262998-32c4-11e8-b5bd-8c85903be7f9
2018-03-28 15:16:52.2569|DEBUG|CLex|QueryCache|Cache added|{"Operation":"GetFilesOperation","Reference":"","Tag":"e28057bd-d140-46dc-bb67-9fea153968de","ContextTag":"0","ParentContextTag":""}|f2262998-32c4-11e8-b5bd-8c85903be7f9
2018-03-28 15:16:52.2569|DEBUG|CLex|QueryCache|Build RDD|{"Operation":"ReadFilesOperation","Reference":"","Tag":"f85e43e1-c80d-4a75-bc4d-8eee7732e090","ContextTag":"1","ParentContextTag":"0"}|f2262998-32c4-11e8-b5bd-8c85903be7f9
2018-03-28 15:16:52.3585|DEBUG|CLex|QueryCache|Cache added|{"Operation":"ReadFilesOperation","Reference":"","Tag":"f85e43e1-c80d-4a75-bc4d-8eee7732e090","ContextTag":"1","ParentContextTag":"0"}|f2262998-32c4-11e8-b5bd-8c85903be7f9
2018-03-28 15:16:52.3585|DEBUG|CLex|QueryCache|Build RDD|{"Operation":"RemoveColumnsOperation","Reference":"","Tag":"b950bfbb-2c60-4fb6-ad78-3f87c43a6e0c","ContextTag":"2","ParentContextTag":"1"}|f2262998-32c4-11e8-b5bd-8c85903be7f9
2018-03-28 15:16:52.3660|DEBUG|CLex|QueryCache|Cache added|{"Operation":"RemoveColumnsOperation","Reference":"","Tag":"b950bfbb-2c60-4fb6-ad78-3f87c43a6e0c","ContextTag":"2","ParentContextTag":"1"}|f2262998-32c4-11e8-b5bd-8c85903be7f9
2018-03-28 15:16:52.3671|DEBUG|CLex|QueryCache|Build RDD|{"Operation":"WriteFilesOperation","Reference":"","Tag":"f51d76a8-5a05-4860-8ce0-2488ef1bc830","ContextTag":"3","ParentContextTag":"2"}|f2262998-32c4-11e8-b5bd-8c85903be7f9
2018-03-28 15:16:53.5029|DEBUG|CLex|QueryCache|Cache added|{"Operation":"WriteFilesOperation","Reference":"","Tag":"f51d76a8-5a05-4860-8ce0-2488ef1bc830","ContextTag":"3","ParentContextTag":"2"}|f2262998-32c4-11e8-b5bd-8c85903be7f9
2018-03-28 15:16:53.5029|DEBUG|CLex|QueryCache|Build RDD|{"Operation":"TakeOperation","Reference":"","Tag":"","ContextTag":"4","ParentContextTag":"3"}|f2262998-32c4-11e8-b5bd-8c85903be7f9
2018-03-28 15:16:53.5036|DEBUG|CLex|QueryCache|Cache added|{"Operation":"TakeOperation","Reference":"","Tag":"","ContextTag":"4","ParentContextTag":"3"}|f2262998-32c4-11e8-b5bd-8c85903be7f9
2018-03-28 15:16:53.5036|DEBUG|CLex|MapReduceExecutor|Execution Succeeded|{"ExecutionId":"987a1c1c-025b-4a29-aef5-03d1a2616e59","Main":"fsZt8VKPxwcz3qBSf7CMJdKTIHWU9vDDs8+o4LAdom4="}|f2262998-32c4-11e8-b5bd-8c85903be7f9
2018-05-03 14:22:38.3261|DEBUG|CLex|MapReduceExecutor|Execution started|{"ExecutionId":"94d5c21b-4a1b-4e25-8ca3-61f0330b48bd","Main":"SqtaBPvGUGTZSLTlAk7ZgYlvsseyCzAsrOlKN66vab4="}|55c40da2-4f07-11e8-8ce4-5a0048c26801
2018-05-03 14:22:38.3290|DEBUG|CLex|QueryCacheOperationVisitor|Visiting activity. Activity: SqtaBPvGUGTZSLTlAk7ZgYlvsseyCzAsrOlKN66vab4=|55c40da2-4f07-11e8-8ce4-5a0048c26801
2018-05-03 14:22:38.3440|DEBUG|CLex|QueryCache|Build RDD|{"Operation":"GetFilesOperation","Reference":"","Tag":"dcd06b50-7141-4173-942b-9c0f345be4c0","ContextTag":"0","ParentContextTag":""}|55c40da2-4f07-11e8-8ce4-5a0048c26801
2018-05-03 14:22:38.3900|DEBUG|CLex|QueryCache|Cache added|{"Operation":"GetFilesOperation","Reference":"","Tag":"dcd06b50-7141-4173-942b-9c0f345be4c0","ContextTag":"0","ParentContextTag":""}|55c40da2-4f07-11e8-8ce4-5a0048c26801
2018-05-03 14:22:38.3900|DEBUG|CLex|QueryCache|Build RDD|{"Operation":"ReadFilesOperation","Reference":"","Tag":"7e273756-cb27-43b1-9716-a8004438d644","ContextTag":"1","ParentContextTag":"0"}|55c40da2-4f07-11e8-8ce4-5a0048c26801
2018-05-03 14:22:38.4651|DEBUG|CLex|QueryCache|Cache added|{"Operation":"ReadFilesOperation","Reference":"","Tag":"7e273756-cb27-43b1-9716-a8004438d644","ContextTag":"1","ParentContextTag":"0"}|55c40da2-4f07-11e8-8ce4-5a0048c26801
2018-05-03 14:22:38.4651|DEBUG|CLex|QueryCache|Build RDD|{"Operation":"RemoveColumnsOperation","Reference":"","Tag":"b950bfbb-2c60-4fb6-ad78-3f87c43a6e0c","ContextTag":"2","ParentContextTag":"1"}|55c40da2-4f07-11e8-8ce4-5a0048c26801
2018-05-03 14:22:38.4709|DEBUG|CLex|QueryCache|Cache added|{"Operation":"RemoveColumnsOperation","Reference":"","Tag":"b950bfbb-2c60-4fb6-ad78-3f87c43a6e0c","ContextTag":"2","ParentContextTag":"1"}|55c40da2-4f07-11e8-8ce4-5a0048c26801
2018-05-03 14:22:38.4718|DEBUG|CLex|QueryCache|Build RDD|{"Operation":"WriteFilesOperation","Reference":"","Tag":"0abc6181-f2b3-4252-aabc-4ce9dad678f4","ContextTag":"3","ParentContextTag":"2"}|55c40da2-4f07-11e8-8ce4-5a0048c26801
2018-05-03 14:22:39.6995|DEBUG|CLex|QueryCache|Cache added|{"Operation":"WriteFilesOperation","Reference":"","Tag":"0abc6181-f2b3-4252-aabc-4ce9dad678f4","ContextTag":"3","ParentContextTag":"2"}|55c40da2-4f07-11e8-8ce4-5a0048c26801
2018-05-03 14:22:39.6995|DEBUG|CLex|QueryCache|Build RDD|{"Operation":"TakeOperation","Reference":"","Tag":"","ContextTag":"4","ParentContextTag":"3"}|55c40da2-4f07-11e8-8ce4-5a0048c26801
2018-05-03 14:22:39.7002|DEBUG|CLex|QueryCache|Cache added|{"Operation":"TakeOperation","Reference":"","Tag":"","ContextTag":"4","ParentContextTag":"3"}|55c40da2-4f07-11e8-8ce4-5a0048c26801
2018-05-03 14:22:39.7002|DEBUG|CLex|MapReduceExecutor|Execution Succeeded|{"ExecutionId":"94d5c21b-4a1b-4e25-8ca3-61f0330b48bd","Main":"SqtaBPvGUGTZSLTlAk7ZgYlvsseyCzAsrOlKN66vab4="}|55c40da2-4f07-11e8-8ce4-5a0048c26801
2018-05-04 11:30:53.0912|DEBUG|CLex|MapReduceExecutor|Execution started|{"ExecutionId":"65b33910-e20f-4683-bd3f-ee3204753294","Main":"GEYbDGo4icXkrSUChwWRqhaRyaCdkIXdWG5NJcHBVF0="}|816a467a-4fb8-11e8-bd91-8c85903be7f9
2018-05-04 11:30:53.0937|DEBUG|CLex|QueryCacheOperationVisitor|Visiting activity. Activity: GEYbDGo4icXkrSUChwWRqhaRyaCdkIXdWG5NJcHBVF0=|816a467a-4fb8-11e8-bd91-8c85903be7f9
2018-05-04 11:30:53.1076|DEBUG|CLex|QueryCache|Build RDD|{"Operation":"GetFilesOperation","Reference":"","Tag":"1899329d-fb96-4d5f-a32c-3d03a69da5fd","ContextTag":"0","ParentContextTag":""}|816a467a-4fb8-11e8-bd91-8c85903be7f9
2018-05-04 11:30:53.1509|DEBUG|CLex|QueryCache|Cache added|{"Operation":"GetFilesOperation","Reference":"","Tag":"1899329d-fb96-4d5f-a32c-3d03a69da5fd","ContextTag":"0","ParentContextTag":""}|816a467a-4fb8-11e8-bd91-8c85903be7f9
2018-05-04 11:30:53.1509|DEBUG|CLex|QueryCache|Build RDD|{"Operation":"ReadFilesOperation","Reference":"","Tag":"e265a30d-1519-40ed-a73b-1323fde4448b","ContextTag":"1","ParentContextTag":"0"}|816a467a-4fb8-11e8-bd91-8c85903be7f9
2018-05-04 11:30:53.2422|DEBUG|CLex|QueryCache|Cache added|{"Operation":"ReadFilesOperation","Reference":"","Tag":"e265a30d-1519-40ed-a73b-1323fde4448b","ContextTag":"1","ParentContextTag":"0"}|816a467a-4fb8-11e8-bd91-8c85903be7f9
2018-05-04 11:30:53.2422|DEBUG|CLex|QueryCache|Build RDD|{"Operation":"RemoveColumnsOperation","Reference":"","Tag":"b950bfbb-2c60-4fb6-ad78-3f87c43a6e0c","ContextTag":"2","ParentContextTag":"1"}|816a467a-4fb8-11e8-bd91-8c85903be7f9
2018-05-04 11:30:53.2477|DEBUG|CLex|QueryCache|Cache added|{"Operation":"RemoveColumnsOperation","Reference":"","Tag":"b950bfbb-2c60-4fb6-ad78-3f87c43a6e0c","ContextTag":"2","ParentContextTag":"1"}|816a467a-4fb8-11e8-bd91-8c85903be7f9
2018-05-04 11:30:53.2477|DEBUG|CLex|QueryCache|Build RDD|{"Operation":"WriteFilesOperation","Reference":"","Tag":"98c89b66-3beb-4b47-825f-f726f3e7bae8","ContextTag":"3","ParentContextTag":"2"}|816a467a-4fb8-11e8-bd91-8c85903be7f9
2018-05-04 11:30:54.2541|DEBUG|CLex|QueryCache|Cache added|{"Operation":"WriteFilesOperation","Reference":"","Tag":"98c89b66-3beb-4b47-825f-f726f3e7bae8","ContextTag":"3","ParentContextTag":"2"}|816a467a-4fb8-11e8-bd91-8c85903be7f9
2018-05-04 11:30:54.2541|DEBUG|CLex|QueryCache|Build RDD|{"Operation":"TakeOperation","Reference":"","Tag":"","ContextTag":"4","ParentContextTag":"3"}|816a467a-4fb8-11e8-bd91-8c85903be7f9
2018-05-04 11:30:54.2548|DEBUG|CLex|QueryCache|Cache added|{"Operation":"TakeOperation","Reference":"","Tag":"","ContextTag":"4","ParentContextTag":"3"}|816a467a-4fb8-11e8-bd91-8c85903be7f9
2018-05-04 11:30:54.2548|DEBUG|CLex|MapReduceExecutor|Execution Succeeded|{"ExecutionId":"65b33910-e20f-4683-bd3f-ee3204753294","Main":"GEYbDGo4icXkrSUChwWRqhaRyaCdkIXdWG5NJcHBVF0="}|816a467a-4fb8-11e8-bd91-8c85903be7f9
